2025-03-27 10:36:25,335 - INFO - X_train shape:(8000, 784)
2025-03-27 10:36:25,335 - INFO - X_test shape: (2000, 784)
2025-03-27 10:36:25,335 - INFO - y_train shape:(8000,)
2025-03-27 10:36:25,335 - INFO - y_test shape:(2000,)
2025-03-27 10:36:27,263 - INFO - Best K: 5 with Accuracy: 0.8305
2025-03-27 10:36:29,045 - INFO - ____TRAINING PERFORMANCE______ of KNN:  0.86975
2025-03-27 10:36:30,771 - INFO - ____TRAINING PERFORMANCE______ of KNN WITH CONFUSION MATRIX:
[[729   1  15   4   3   0  45   2   9   0]
 [  6 775   6  15   0   0   6   0   0   0]
 [ 16   0 656   5  59   0  49   0   3   0]
 [ 35   5  13 685  36   0  21   0   0   0]
 [  4   3  67  12 655   0  53   0   2   0]
 [  5   0   0   1   0 649   3  82   4  63]
 [128   0  78  11  49   0 528   0   6   0]
 [  1   0   0   0   0   5   0 757   0  31]
 [  7   1  11   2   5   1  10  10 753   4]
 [  1   0   0   0   0   0   0  27   1 771]]
2025-03-27 10:36:32,418 - INFO - ___TRAINING PERFORMANCE______OF KNN CLASSIFICATION REPORT:
              precision    recall  f1-score   support

           0       0.78      0.90      0.84       808
           1       0.99      0.96      0.97       808
           2       0.78      0.83      0.80       788
           3       0.93      0.86      0.90       795
           4       0.81      0.82      0.82       796
           5       0.99      0.80      0.89       807
           6       0.74      0.66      0.70       800
           7       0.86      0.95      0.91       794
           8       0.97      0.94      0.95       804
           9       0.89      0.96      0.92       800

    accuracy                           0.87      8000
   macro avg       0.87      0.87      0.87      8000
weighted avg       0.87      0.87      0.87      8000

2025-03-27 10:36:32,889 - INFO - ____TESTING PERFORMANCE______ of KNN:  0.8305
2025-03-27 10:36:32,889 - INFO - ____TESTING PERFORMANCE______ of KNN WITH CONFUSION MATRIX:
[[162   0   2   7   1   0  19   0   1   0]
 [  2 183   1   6   0   0   0   0   0   0]
 [  6   0 165   0  22   0  19   0   0   0]
 [ 11   3   2 173  10   0   6   0   0   0]
 [  0   0  30   2 152   0  20   0   0   0]
 [  0   0   1   0   0 155   0  26   1  10]
 [ 41   1  25   3  16   0 113   0   1   0]
 [  0   0   0   0   0   1   0 195   0  10]
 [  0   0   6   2   2   1   6   4 174   1]
 [  0   0   0   0   0   1   0  10   0 189]]
2025-03-27 10:36:32,889 - INFO - ____TESTING PERFORMANCE______ of KNN WITH CLASSIFICATION REPORT:
              precision    recall  f1-score   support

           0       0.73      0.84      0.78       192
           1       0.98      0.95      0.97       192
           2       0.71      0.78      0.74       212
           3       0.90      0.84      0.87       205
           4       0.75      0.75      0.75       204
           5       0.98      0.80      0.88       193
           6       0.62      0.56      0.59       200
           7       0.83      0.95      0.88       206
           8       0.98      0.89      0.93       196
           9       0.90      0.94      0.92       200

    accuracy                           0.83      2000
   macro avg       0.84      0.83      0.83      2000
weighted avg       0.84      0.83      0.83      2000

2025-03-27 10:36:34,611 - INFO - ____TRAINING PERFORMANCE______ of LR:  0.903
2025-03-27 10:36:34,627 - INFO - ____TRAINING PERFORMANCE______ of LR WITH CONFUSION MATRIX: 
[[708   3  16  22   1   0  51   0   7   0]
 [  0 793   1   9   1   1   3   0   0   0]
 [  8   2 666   3  61   0  46   0   2   0]
 [ 24   4   6 719  19   0  23   0   0   0]
 [  3   1  53  15 685   0  39   0   0   0]
 [  1   0   0   1   1 754   1  36   5   8]
 [ 74   2  61  16  50   0 592   0   5   0]
 [  0   0   0   0   0  19   1 751   1  22]
 [  3   1   6   2   3   1   5   1 782   0]
 [  0   0   0   0   0  10   0  15   1 774]]
2025-03-27 10:36:34,659 - INFO - ___TRAINING PERFORMANCE______OF LR CLASSIFICATION REPORT: 
              precision    recall  f1-score   support

           0       0.86      0.88      0.87       808
           1       0.98      0.98      0.98       808
           2       0.82      0.85      0.83       788
           3       0.91      0.90      0.91       795
           4       0.83      0.86      0.85       796
           5       0.96      0.93      0.95       807
           6       0.78      0.74      0.76       800
           7       0.94      0.95      0.94       794
           8       0.97      0.97      0.97       804
           9       0.96      0.97      0.97       800

    accuracy                           0.90      8000
   macro avg       0.90      0.90      0.90      8000
weighted avg       0.90      0.90      0.90      8000

2025-03-27 10:36:34,674 - INFO - ____TESTING PERFORMANCE______ of LR:  0.8215
2025-03-27 10:36:34,674 - INFO - ____TESTING PERFORMANCE______ of LR WITH CONFUSION MATRIX:
[[140   2   4  10   4   0  30   0   2   0]
 [  0 183   2   6   0   0   1   0   0   0]
 [  5   0 152   1  31   0  23   0   0   0]
 [  6   3   3 179   4   0   8   0   2   0]
 [  0   0  21   3 164   0  16   0   0   0]
 [  0   0   1   0   0 174   0   6   4   8]
 [ 36   2  25  11  22   0 101   0   3   0]
 [  0   0   0   0   0  10   0 181   2  13]
 [  2   0   2   2   0   1   3   1 184   1]
 [  0   0   0   0   0   4   0  10   1 185]]
2025-03-27 10:36:34,674 - INFO - ____TESTING PERFORMANCE______ of LR WITH CLASSIFICATION REPORT:
               precision    recall  f1-score   support

           0       0.74      0.73      0.73       192
           1       0.96      0.95      0.96       192
           2       0.72      0.72      0.72       212
           3       0.84      0.87      0.86       205
           4       0.73      0.80      0.76       204
           5       0.92      0.90      0.91       193
           6       0.55      0.51      0.53       200
           7       0.91      0.88      0.90       206
           8       0.93      0.94      0.93       196
           9       0.89      0.93      0.91       200

    accuracy                           0.82      2000
   macro avg       0.82      0.82      0.82      2000
weighted avg       0.82      0.82      0.82      2000

